Copyright 1986-2019 Xilinx, Inc. All Rights Reserved.
--------------------------------------------------------------------------------------
| Tool Version : Vivado v.2019.1.2 (lin64) Build 2615518 Fri Aug  9 15:53:29 MDT 2019
| Date         : Sat Dec  7 17:31:59 2019
| Host         : eecs-digital-37 running 64-bit Ubuntu 14.04.6 LTS
| Command      : upgrade_ip
| Device       : xc7a100tcsg324-1
--------------------------------------------------------------------------------------

Upgrade Log for IP 'design_1_parser_top_1_0'

1. Summary
----------

CAUTION (success, with warnings) in the upgrade of design_1_parser_top_1_0 (user.org:user:parser_top:1.0) from (Rev. 2) to (Rev. 1)

After upgrade, an IP may have parameter and port differences compared to the original customization. Please review the parameters within the IP customization GUI to ensure proper functionality. Also, please review the updated IP instantiation template to ensure proper connectivity, and update your design if required.

2. Connection Warnings
----------------------

Detected external port differences while upgrading 'design_1_parser_top_1_0'. These changes may impact your design.


-Upgrade has removed port 'delete_out'

-Upgrade has removed port 'order_type_out_add'







Copyright 1986-2019 Xilinx, Inc. All Rights Reserved.
--------------------------------------------------------------------------------------
| Tool Version : Vivado v.2019.1.2 (lin64) Build 2615518 Fri Aug  9 15:53:29 MDT 2019
| Date         : Sat Dec  7 17:31:58 2019
| Host         : eecs-digital-37 running 64-bit Ubuntu 14.04.6 LTS
| Command      : upgrade_ip
| Device       : xc7a100tcsg324-1
--------------------------------------------------------------------------------------

Upgrade Log for IP 'design_1_parser_top_0_0'

1. Summary
----------

CAUTION (success, with warnings) in the upgrade of design_1_parser_top_0_0 (user.org:user:parser_top:1.0) from (Rev. 2) to (Rev. 1)

After upgrade, an IP may have parameter and port differences compared to the original customization. Please review the parameters within the IP customization GUI to ensure proper functionality. Also, please review the updated IP instantiation template to ensure proper connectivity, and update your design if required.

2. Connection Warnings
----------------------

Detected external port differences while upgrading 'design_1_parser_top_0_0'. These changes may impact your design.


-Upgrade has removed port 'delete_out'

-Upgrade has removed port 'order_type_out_add'







Copyright 1986-2019 Xilinx, Inc. All Rights Reserved.
--------------------------------------------------------------------------------------
| Tool Version : Vivado v.2019.1.2 (lin64) Build 2615518 Fri Aug  9 15:53:29 MDT 2019
| Date         : Sat Dec  7 16:09:31 2019
| Host         : eecs-digital-37 running 64-bit Ubuntu 14.04.6 LTS
| Command      : upgrade_ip
| Device       : xc7a100tcsg324-1
--------------------------------------------------------------------------------------

Upgrade Log for IP 'design_1_parser_top_1_0'

1. Summary
----------

CAUTION (success, with warnings) in the upgrade of design_1_parser_top_1_0 (user.org:user:parser_top:1.0) from (Rev. 1) to (Rev. 2)

After upgrade, an IP may have parameter and port differences compared to the original customization. Please review the parameters within the IP customization GUI to ensure proper functionality. Also, please review the updated IP instantiation template to ensure proper connectivity, and update your design if required.

2. Connection Warnings
----------------------

Detected external port differences while upgrading 'design_1_parser_top_1_0'. These changes may impact your design.


-Upgrade has added port 'delete_out'

-Upgrade has added port 'order_type_out_add'







Copyright 1986-2019 Xilinx, Inc. All Rights Reserved.
--------------------------------------------------------------------------------------
| Tool Version : Vivado v.2019.1.2 (lin64) Build 2615518 Fri Aug  9 15:53:29 MDT 2019
| Date         : Sat Dec  7 16:09:31 2019
| Host         : eecs-digital-37 running 64-bit Ubuntu 14.04.6 LTS
| Command      : upgrade_ip
| Device       : xc7a100tcsg324-1
--------------------------------------------------------------------------------------

Upgrade Log for IP 'design_1_parser_top_0_0'

1. Summary
----------

CAUTION (success, with warnings) in the upgrade of design_1_parser_top_0_0 (user.org:user:parser_top:1.0) from (Rev. 1) to (Rev. 2)

After upgrade, an IP may have parameter and port differences compared to the original customization. Please review the parameters within the IP customization GUI to ensure proper functionality. Also, please review the updated IP instantiation template to ensure proper connectivity, and update your design if required.

2. Connection Warnings
----------------------

Detected external port differences while upgrading 'design_1_parser_top_0_0'. These changes may impact your design.


-Upgrade has added port 'delete_out'

-Upgrade has added port 'order_type_out_add'







Copyright 1986-2019 Xilinx, Inc. All Rights Reserved.
--------------------------------------------------------------------------------------
| Tool Version : Vivado v.2019.1.2 (lin64) Build 2615518 Fri Aug  9 15:53:29 MDT 2019
| Date         : Sat Dec  7 13:55:03 2019
| Host         : eecs-digital-37 running 64-bit Ubuntu 14.04.6 LTS
| Command      : upgrade_ip
| Device       : xc7a100tcsg324-1
--------------------------------------------------------------------------------------

Upgrade Log for IP 'design_1_parser_top_0_0'

1. Summary
----------

CAUTION (success, with warnings) in the conversion of design_1_parser_top_0_0 (user.org:user:parser_top:1.0 (Rev. 1)) to Vivado generation flows.

After upgrade, an IP may have parameter and port differences compared to the original customization. Please review the parameters within the IP customization GUI to ensure proper functionality. Also, please review the updated IP instantiation template to ensure proper connectivity, and update your design if required.

2. Connection Warnings
----------------------

Detected external port differences while upgrading 'design_1_parser_top_0_0'. These changes may impact your design.


-Upgrade has added port 'an'

-Upgrade has added port 'ca'

-Upgrade has added port 'cb'

-Upgrade has added port 'cc'

-Upgrade has added port 'cd'

-Upgrade has added port 'ce'

-Upgrade has added port 'cf'

-Upgrade has added port 'cg'

-Upgrade has added port 'dp'

-Upgrade has added port 'sw'







Copyright 1986-2019 Xilinx, Inc. All Rights Reserved.
--------------------------------------------------------------------------------------
| Tool Version : Vivado v.2019.1.2 (lin64) Build 2615518 Fri Aug  9 15:53:29 MDT 2019
| Date         : Thu Dec  5 23:40:10 2019
| Host         : eecs-digital-37 running 64-bit Ubuntu 14.04.6 LTS
| Command      : upgrade_ip
| Device       : xc7a100tcsg324-1
--------------------------------------------------------------------------------------

Upgrade Log for IP 'design_1_parser_top_0_0'

1. Summary
----------

SUCCESS in the conversion of design_1_parser_top_0_0 (user.org:user:parser_top:1.0 (Rev. 1)) to Vivado generation flows.






Copyright 1986-2019 Xilinx, Inc. All Rights Reserved.
--------------------------------------------------------------------------------------
| Tool Version : Vivado v.2019.1.2 (lin64) Build 2615518 Fri Aug  9 15:53:29 MDT 2019
| Date         : Tue Nov 19 18:54:15 2019
| Host         : eecs-digital-37 running 64-bit Ubuntu 14.04.6 LTS
| Command      : upgrade_ip
| Device       : xc7a100tcsg324-1
--------------------------------------------------------------------------------------

Upgrade Log for IP 'design_1_master_axi_test_0_1'

1. Summary
----------

SUCCESS in the conversion of design_1_master_axi_test_0_1 (user.org:user:master_axi_test:1.0 (Rev. 1)) to Vivado generation flows.






Copyright 1986-2019 Xilinx, Inc. All Rights Reserved.
--------------------------------------------------------------------------------------
| Tool Version : Vivado v.2019.1.2 (lin64) Build 2615518 Fri Aug  9 15:53:29 MDT 2019
| Date         : Tue Nov 19 18:31:20 2019
| Host         : eecs-digital-37 running 64-bit Ubuntu 14.04.6 LTS
| Command      : upgrade_ip
| Device       : xc7a100tcsg324-1
--------------------------------------------------------------------------------------

Upgrade Log for IP 'design_1_microblaze_com_axi_0_0'

1. Summary
----------

SUCCESS in the conversion of design_1_microblaze_com_axi_0_0 (user.org:user:microblaze_com_axi:1.0 (Rev. 1)) to Vivado generation flows.






Copyright 1986-2019 Xilinx, Inc. All Rights Reserved.
--------------------------------------------------------------------------------------
| Tool Version : Vivado v.2019.1.2 (lin64) Build 2615518 Fri Aug  9 15:53:29 MDT 2019
| Date         : Tue Nov 19 18:31:20 2019
| Host         : eecs-digital-37 running 64-bit Ubuntu 14.04.6 LTS
| Command      : upgrade_ip
| Device       : xc7a100tcsg324-1
--------------------------------------------------------------------------------------

Upgrade Log for IP 'design_1_master_axi_test_0_1'

1. Summary
----------

SUCCESS in the conversion of design_1_master_axi_test_0_1 (user.org:user:master_axi_test:1.0 (Rev. 1)) to Vivado generation flows.






Copyright 1986-2019 Xilinx, Inc. All Rights Reserved.
--------------------------------------------------------------------------------------
| Tool Version : Vivado v.2019.1.2 (lin64) Build 2615518 Fri Aug  9 15:53:29 MDT 2019
| Date         : Thu Nov 14 21:11:17 2019
| Host         : eecs-digital-37 running 64-bit Ubuntu 14.04.6 LTS
| Command      : upgrade_ip
| Device       : xc7a100tcsg324-1
--------------------------------------------------------------------------------------

Upgrade Log for IP 'design_1_master_axi_test_0_0'

1. Summary
----------

SUCCESS in the conversion of design_1_master_axi_test_0_0 (user.org:user:master_axi_test:1.0 (Rev. 1)) to Vivado generation flows.






Copyright 1986-2019 Xilinx, Inc. All Rights Reserved.
--------------------------------------------------------------------------------------
| Tool Version : Vivado v.2019.1.2 (lin64) Build 2615518 Fri Aug  9 15:53:29 MDT 2019
| Date         : Thu Nov 14 18:55:33 2019
| Host         : eecs-digital-37 running 64-bit Ubuntu 14.04.6 LTS
| Command      : upgrade_ip
| Device       : xc7a100tcsg324-1
--------------------------------------------------------------------------------------

Upgrade Log for IP 'design_1_master_axi_test_0_0'

1. Summary
----------

SUCCESS in the conversion of design_1_master_axi_test_0_0 (user.org:user:master_axi_test:1.0 (Rev. 1)) to Vivado generation flows.

