#
# An unexpected error has occurred (11)
#
Stack:
/var/local/xilinx-local/Vivado/2019.1/tps/lnx64/jre9.0.4/lib//server/libjvm.so(+0xb6aadb) [0x7fc9c9c9fadb]
/var/local/xilinx-local/Vivado/2019.1/tps/lnx64/jre9.0.4/lib//server/libjvm.so(JVM_handle_linux_signal+0xbb) [0x7fc9c9ca4e1b]
/var/local/xilinx-local/Vivado/2019.1/tps/lnx64/jre9.0.4/lib//server/libjvm.so(+0xb647b8) [0x7fc9c9c997b8]
/lib/x86_64-linux-gnu/libc.so.6(+0x36cb0) [0x7fca11a58cb0]
/var/local/xilinx-local/Vivado/2019.1/lib/lnx64.o/librdi_simbridge_kernel.so(SimBridge::CArray::empty() const+0) [0x7fc9cecc97b0]
/var/local/xilinx-local/Vivado/2019.1/lib/lnx64.o/librdi_simbridge_kernel.so(SimBridge::WdbEventBlock::addBlock(SimBridge::WdbIBlockManager&, unsigned int&) const+0x1e) [0x7fc9cecc9e8e]
/var/local/xilinx-local/Vivado/2019.1/lib/lnx64.o/librdi_simbridge_kernel.so(SimBridge::WdbMultipleBucketEventDatabase::getEventBlockDatabaseIterator(std::vector<SimBridge::WdbScalarBTree*, std::allocator<SimBridge::WdbScalarBTree*> > const&, std::vector<boost::shared_ptr<SimBridge::WdbIEventBlockIterator>, std::allocator<boost::shared_ptr<SimBridge::WdbIEventBlockIterator> > >&, std::vector<std::vector<SimBridge::WdbScalarBTree*, std::allocator<SimBridge::WdbScalarBTree*> >, std::allocator<std::vector<SimBridge::WdbScalarBTree*, std::allocator<SimBridge::WdbScalarBTree*> > > >&) const+0x691) [0x7fc9cece3391]
/var/local/xilinx-local/Vivado/2019.1/lib/lnx64.o/librdi_simbridge_kernel.so(SimBridge::WdbAddressBTreeManager::scanWdbDatabaseMultiThread(std::vector<SimBridge::WdbScalarBTree*, std::allocator<SimBridge::WdbScalarBTree*> > const&, ISIM::IGuiStatus*)+0xc4) [0x7fc9cecc0e14]
/var/local/xilinx-local/Vivado/2019.1/lib/lnx64.o/librdi_wavedata.so(SimBridge::DataObjMgr::createDrawingBTree(std::vector<SimBridge::IDataObj const*, std::allocator<SimBridge::IDataObj const*> > const&, ISIM::IGuiStatus*, bool)+0x32a) [0x7fc9d7b6023a]
/var/local/xilinx-local/Vivado/2019.1/lib/lnx64.o/librdi_wavedata.so(SimBridge::DataReader::getValue(SimBridge::IDataObj const*, long long, SimBridge::ValueFormat const&, SimBridge::Value&) const+0x134) [0x7fc9d7b6bcb4]
/var/local/xilinx-local/Vivado/2019.1/lib/lnx64.o/librdi_wavedata.so(SG_Model::Model::getValue(SG_Model::WVDataObject const*, long long, SimBridge::Radix const&) const+0x101) [0x7fc9d7c0f581]
/var/local/xilinx-local/Vivado/2019.1/lib/lnx64.o/librdi_wavedata.so(WaveViewer::WVNameValueTreeModel::getCurrentValue[abi:cxx11](SG_Model::WVDataObject const*, long long, SimBridge::Radix) const+0xb1) [0x7fc9d7c8d721]
/var/local/xilinx-local/Vivado/2019.1/lib/lnx64.o/librdi_wavedata.so(WaveViewer::WVWaveformTraverserValue::buildValueNodeItem(SG_Model::WVDataObject const*, WVValueNode*, WaveViewer::WVNameValueTreeModel::ITraverseHandler::ItemSize const&) const+0x80) [0x7fc9d7cbe970]
/var/local/xilinx-local/Vivado/2019.1/lib/lnx64.o/librdi_wavedata.so(WaveViewer::WVWaveformTraverserValue::handleItemSize(WaveViewer::WVNameValueTreeModel::ITraverseHandler::ItemSize const&)+0xd7) [0x7fc9d7cbec57]
/var/local/xilinx-local/Vivado/2019.1/lib/lnx64.o/librdi_wavedata.so(WaveViewer::WVNameValueTreeModel::traverseYRange(SG_Model::WVDataObject const*, WaveViewer::WVNameValueTreeModel::ITraverseHandler&, int, int, int&, int&) const+0x268) [0x7fc9d7c8dce8]
/var/local/xilinx-local/Vivado/2019.1/lib/lnx64.o/librdi_wavedata.so(WaveViewer::WVNameValueTreeModel::traverseYRange(SG_Model::WVDataObject const*, WaveViewer::WVNameValueTreeModel::ITraverseHandler&, int, int, int&, int&) const+0x336) [0x7fc9d7c8ddb6]
/var/local/xilinx-local/Vivado/2019.1/lib/lnx64.o/librdi_wavedata.so(WaveViewer::WVNameValueTreeModel::traverseYRange(WaveViewer::WVNameValueTreeModel::ITraverseHandler&, int, int) const+0x57) [0x7fc9d7c8edc7]
/var/local/xilinx-local/Vivado/2019.1/lib/lnx64.o/librdi_wavedata.so(WVExecutiveImp::getValueDataSize()+0xb6) [0x7fc9d7c83f86]
/var/local/xilinx-local/Vivado/2019.1/lib/lnx64.o/librdi_wavedata.so(Java_ui_views_waveform_waveformi_WVExecutive_1getValueDataSize+0x17) [0x7fc9d7cc5b57]
[0x7fc9b1fd2db5]
