#
# An unexpected error has occurred (11)
#
Stack:
/var/local/xilinx-local/Vivado/2019.1/tps/lnx64/jre9.0.4/lib//server/libjvm.so(+0xb6aadb) [0x7f97881dfadb]
/var/local/xilinx-local/Vivado/2019.1/tps/lnx64/jre9.0.4/lib//server/libjvm.so(JVM_handle_linux_signal+0xbb) [0x7f97881e4e1b]
/var/local/xilinx-local/Vivado/2019.1/tps/lnx64/jre9.0.4/lib//server/libjvm.so(+0xb647b8) [0x7f97881d97b8]
/lib/x86_64-linux-gnu/libc.so.6(+0x36cb0) [0x7f97cff98cb0]
/var/local/xilinx-local/Vivado/2019.1/lib/lnx64.o/librdi_simbridge_kernel.so(SimBridge::CArray::empty() const+0) [0x7f978d2097b0]
/var/local/xilinx-local/Vivado/2019.1/lib/lnx64.o/librdi_simbridge_kernel.so(SimBridge::WdbEventBlock::addBlock(SimBridge::WdbIBlockManager&, unsigned int&) const+0x1e) [0x7f978d209e8e]
/var/local/xilinx-local/Vivado/2019.1/lib/lnx64.o/librdi_simbridge_kernel.so(SimBridge::WdbMultipleBucketEventDatabase::getEventBlockDatabaseIterator(std::vector<SimBridge::WdbScalarBTree*, std::allocator<SimBridge::WdbScalarBTree*> > const&, std::vector<boost::shared_ptr<SimBridge::WdbIEventBlockIterator>, std::allocator<boost::shared_ptr<SimBridge::WdbIEventBlockIterator> > >&, std::vector<std::vector<SimBridge::WdbScalarBTree*, std::allocator<SimBridge::WdbScalarBTree*> >, std::allocator<std::vector<SimBridge::WdbScalarBTree*, std::allocator<SimBridge::WdbScalarBTree*> > > >&) const+0x691) [0x7f978d223391]
/var/local/xilinx-local/Vivado/2019.1/lib/lnx64.o/librdi_simbridge_kernel.so(SimBridge::WdbAddressBTreeManager::scanWdbDatabaseMultiThread(std::vector<SimBridge::WdbScalarBTree*, std::allocator<SimBridge::WdbScalarBTree*> > const&, ISIM::IGuiStatus*)+0xc4) [0x7f978d200e14]
/var/local/xilinx-local/Vivado/2019.1/lib/lnx64.o/librdi_wavedata.so(SimBridge::DataObjMgr::createDrawingBTree(std::vector<SimBridge::IDataObj const*, std::allocator<SimBridge::IDataObj const*> > const&, ISIM::IGuiStatus*, bool)+0x32a) [0x7f97960a023a]
/var/local/xilinx-local/Vivado/2019.1/lib/lnx64.o/librdi_wavedata.so(SimBridge::DataReader::getTransitions(SimBridge::IDataObj const*, long long, long long, long long, SimBridge::ValueFormat const&, std::vector<SimBridge::Transition, std::allocator<SimBridge::Transition> >&) const+0xa4) [0x7f97960abdf4]
/var/local/xilinx-local/Vivado/2019.1/lib/lnx64.o/librdi_wavedata.so(SG_Model::ModelImp::getTransitions(SimBridge::IDataObj const*, SG_Model::IDatabase*, long long, long long, long long, SimBridge::ValueFormat const&, bool, std::vector<SimBridge::Transition, std::allocator<SimBridge::Transition> >&) const+0xbd) [0x7f9796151acd]
/var/local/xilinx-local/Vivado/2019.1/lib/lnx64.o/librdi_wavedata.so(SG_Model::Model::getTransitions(SG_Model::WVDataObject const*, long long, long long, long long, SimBridge::ValueFormat const&, bool, std::vector<SimBridge::Transition, std::allocator<SimBridge::Transition> >&) const+0x102) [0x7f9796151e52]
/var/local/xilinx-local/Vivado/2019.1/lib/lnx64.o/librdi_wavedata.so(+0x302886) [0x7f9796183886]
/var/local/xilinx-local/Vivado/2019.1/lib/lnx64.o/librdi_wavedata.so(SG_Model::WaveformRender::render(SG_Model::WVDataObject const&)+0x261) [0x7f979617fc01]
/var/local/xilinx-local/Vivado/2019.1/lib/lnx64.o/librdi_wavedata.so(WaveViewer::WVWaveformPanel::WaveformTraverser::drawWaveform(SG_Model::WVDataObject const*, int, int)+0x2eb) [0x7f97961fbb3b]
/var/local/xilinx-local/Vivado/2019.1/lib/lnx64.o/librdi_wavedata.so(WaveViewer::WVWaveformPanel::WaveformTraverser::handleItemSize(WaveViewer::WVNameValueTreeModel::ITraverseHandler::ItemSize const&)+0x4a) [0x7f97961fbe1a]
/var/local/xilinx-local/Vivado/2019.1/lib/lnx64.o/librdi_wavedata.so(WaveViewer::WVNameValueTreeModel::traverseYRange(SG_Model::WVDataObject const*, WaveViewer::WVNameValueTreeModel::ITraverseHandler&, int, int, int&, int&) const+0x268) [0x7f97961cdce8]
/var/local/xilinx-local/Vivado/2019.1/lib/lnx64.o/librdi_wavedata.so(WaveViewer::WVNameValueTreeModel::traverseYRange(SG_Model::WVDataObject const*, WaveViewer::WVNameValueTreeModel::ITraverseHandler&, int, int, int&, int&) const+0x336) [0x7f97961cddb6]
/var/local/xilinx-local/Vivado/2019.1/lib/lnx64.o/librdi_wavedata.so(WaveViewer::WVNameValueTreeModel::traverseYRange(WaveViewer::WVNameValueTreeModel::ITraverseHandler&, int, int) const+0x57) [0x7f97961cedc7]
/var/local/xilinx-local/Vivado/2019.1/lib/lnx64.o/librdi_wavedata.so(WaveViewer::WVWaveformPanel::getGraphics(HDGDStringStream&, long&)+0x3c5) [0x7f97961fb035]
/var/local/xilinx-local/Vivado/2019.1/lib/lnx64.o/librdi_wavedata.so(WVExecutiveImp::getGraphicsDataSize()+0x10a) [0x7f97961bf26a]
/var/local/xilinx-local/Vivado/2019.1/lib/lnx64.o/librdi_wavedata.so(WVExecutive::getGraphicsDataSize()+0xf) [0x7f97961bf78f]
/var/local/xilinx-local/Vivado/2019.1/lib/lnx64.o/librdi_wavedata.so(Java_ui_views_waveform_waveformi_WVExecutive_1getGraphicsDataSize+0x17) [0x7f9796206b37]
[0x7f9770512db5]
