#-----------------------------------------------------------
# Webtalk v2019.1.2 (64-bit)
# SW Build 2615518 on Fri Aug  9 15:53:29 MDT 2019
# 
# Start of session at: Fri Dec  6 17:55:25 2019
# Process ID: 11054
# Current directory: /afs/athena.mit.edu/user/n/k/nkk/fpga_6115/HFT/ethernet/ethernet.sdk/webtalk
# Command line: wbtcv -mode batch -source sdk_webtalk.tcl
# Log file: /afs/athena.mit.edu/user/n/k/nkk/fpga_6115/HFT/ethernet/ethernet.sdk/webtalk/webtalk.log
# Journal file: /afs/athena.mit.edu/user/n/k/nkk/fpga_6115/HFT/ethernet/ethernet.sdk/webtalk/webtalk.jou
#-----------------------------------------------------------
source sdk_webtalk.tcl
# webtalk_init -webtalk_dir /afs/athena.mit.edu/user/n/k/nkk/fpga_6115/HFT/ethernet/ethernet.sdk/webtalk
# webtalk_register_client -client project
# webtalk_add_data -client project -key date_generated -value "2019-12-06 17:55:20" -context "software_version_and_target_device"
# webtalk_add_data -client project -key product_version -value "SDK v2019.1" -context "software_version_and_target_device"
# webtalk_add_data -client project -key build_version -value "2019.1" -context "software_version_and_target_device"
# webtalk_add_data -client project -key os_platform -value "amd64" -context "software_version_and_target_device"
# webtalk_add_data -client project -key registration_id -value "211027694_1777504441_210661626_020" -context "software_version_and_target_device"
# webtalk_add_data -client project -key tool_flow -value "SDK" -context "software_version_and_target_device"
# webtalk_add_data -client project -key beta -value "false" -context "software_version_and_target_device"
# webtalk_add_data -client project -key route_design -value "NA" -context "software_version_and_target_device"
# webtalk_add_data -client project -key target_family -value "NA" -context "software_version_and_target_device"
# webtalk_add_data -client project -key target_device -value "NA" -context "software_version_and_target_device"
# webtalk_add_data -client project -key target_package -value "NA" -context "software_version_and_target_device"
# webtalk_add_data -client project -key target_speed -value "NA" -context "software_version_and_target_device"
# webtalk_add_data -client project -key random_id -value "3ruo3gf84233mhqeh4ujp98fps" -context "software_version_and_target_device"
# webtalk_add_data -client project -key project_id -value "2019.1_9" -context "software_version_and_target_device"
# webtalk_add_data -client project -key project_iteration -value "9" -context "software_version_and_target_device"
# webtalk_add_data -client project -key os_name -value "Ubuntu" -context "user_environment"
# webtalk_add_data -client project -key os_release -value "Ubuntu 14.04.6 LTS" -context "user_environment"
# webtalk_add_data -client project -key cpu_name -value "Intel(R) Core(TM) i7-6700 CPU @ 3.40GHz" -context "user_environment"
# webtalk_add_data -client project -key cpu_speed -value "3849.968 MHz" -context "user_environment"
# webtalk_add_data -client project -key total_processors -value "1" -context "user_environment"
# webtalk_add_data -client project -key system_ram -value "8.117 GB" -context "user_environment"
# webtalk_register_client -client sdk
# webtalk_add_data -client sdk -key uid -value "1575667294000" -context "sdk\\\\hardware/1575667294000"
# webtalk_add_data -client sdk -key isZynq -value "false" -context "sdk\\\\hardware/1575667294000"
# webtalk_add_data -client sdk -key isZynqMP -value "false" -context "sdk\\\\hardware/1575667294000"
# webtalk_add_data -client sdk -key Processors -value "1" -context "sdk\\\\hardware/1575667294000"
# webtalk_add_data -client sdk -key VivadoVersion -value "2019.1.2" -context "sdk\\\\hardware/1575667294000"
# webtalk_add_data -client sdk -key Arch -value "artix7" -context "sdk\\\\hardware/1575667294000"
# webtalk_add_data -client sdk -key Device -value "7a100t" -context "sdk\\\\hardware/1575667294000"
# webtalk_add_data -client sdk -key IsHandoff -value "true" -context "sdk\\\\hardware/1575667294000"
# webtalk_add_data -client sdk -key os -value "NA" -context "sdk\\\\hardware/1575667294000"
# webtalk_add_data -client sdk -key apptemplate -value "NA" -context "sdk\\\\hardware/1575667294000"
# webtalk_add_data -client sdk -key RecordType -value "HWCreation" -context "sdk\\\\hardware/1575667294000"
# webtalk_add_data -client sdk -key uid -value "NA" -context "sdk\\\\bsp/1575672920393"
# webtalk_add_data -client sdk -key RecordType -value "ToolUsage" -context "sdk\\\\bsp/1575672920393"
# webtalk_add_data -client sdk -key BootgenCount -value "0" -context "sdk\\\\bsp/1575672920393"
# webtalk_add_data -client sdk -key DebugCount -value "35" -context "sdk\\\\bsp/1575672920393"
# webtalk_add_data -client sdk -key PerfCount -value "0" -context "sdk\\\\bsp/1575672920393"
# webtalk_add_data -client sdk -key FlashCount -value "0" -context "sdk\\\\bsp/1575672920393"
# webtalk_add_data -client sdk -key CrossTriggCount -value "0" -context "sdk\\\\bsp/1575672920393"
# webtalk_add_data -client sdk -key QemuDebugCount -value "0" -context "sdk\\\\bsp/1575672920393"
# webtalk_transmit -clientid 3337335009 -regid "211027694_1777504441_210661626_020" -xml /afs/athena.mit.edu/user/n/k/nkk/fpga_6115/HFT/ethernet/ethernet.sdk/webtalk/usage_statistics_ext_sdk.xml -html /afs/athena.mit.edu/user/n/k/nkk/fpga_6115/HFT/ethernet/ethernet.sdk/webtalk/usage_statistics_ext_sdk.html -wdm /afs/athena.mit.edu/user/n/k/nkk/fpga_6115/HFT/ethernet/ethernet.sdk/webtalk/sdk_webtalk.wdm -intro "<H3>SDK Usage Report</H3><BR>"
INFO: [Common 17-186] '/afs/athena.mit.edu/user/n/k/nkk/fpga_6115/HFT/ethernet/ethernet.sdk/webtalk/usage_statistics_ext_sdk.xml' has been successfully sent to Xilinx on Fri Dec  6 17:55:27 2019. For additional details about this file, please refer to the WebTalk help file at /var/local/xilinx-local/SDK/2019.1/doc/webtalk_introduction.html.
# webtalk_terminate
INFO: [Common 17-206] Exiting Webtalk at Fri Dec  6 17:55:27 2019...
