Vivado Simulator 2019.1
Copyright 1986-1999, 2001-2019 Xilinx, Inc. All Rights Reserved.
Running: /var/local/xilinx-local/Vivado/2019.1/bin/unwrapped/lnx64.o/xelab -wto 107cb7c3f3e34026890e910d8ff94533 --incr --debug typical --relax --mt 8 -L axi_lite_ipif_v3_0_4 -L lib_pkg_v1_0_2 -L lib_srl_fifo_v1_0_2 -L lib_cdc_v1_0_2 -L axi_uartlite_v2_0_23 -L xil_defaultlib -L unisims_ver -L unimacro_ver -L secureip -L xpm --snapshot uart_sim_behav xil_defaultlib.uart_sim xil_defaultlib.glbl -log elaborate.log 
Using 8 slave threads.
Starting static elaboration
WARNING: [VRFC 10-3715] size mismatch in mixed language port association, vhdl port 's_axi_arvalid' [/afs/athena.mit.edu/user/n/k/nkk/fpga_6115/HFT/UART/UART.srcs/sim_1/new/uart_sim.sv:6]
Completed static elaboration
Starting simulation data flow analysis
WARNING: [XSIM 43-4100] "/afs/athena.mit.edu/user/n/k/nkk/fpga_6115/HFT/UART/UART.sim/sim_1/behav/xsim/glbl.v" Line 6. Module glbl has a timescale but at least one module in design doesn't have timescale.
Completed simulation data flow analysis
Time Resolution for simulation is 1ps
Compiling package std.standard
Compiling package std.textio
Compiling package ieee.std_logic_1164
Compiling package ieee.numeric_std
Compiling package ieee.std_logic_arith
Compiling package ieee.std_logic_unsigned
Compiling package axi_lite_ipif_v3_0_4.ipif_pkg
Compiling package synopsys.attributes
Compiling package ieee.std_logic_misc
Compiling package unisim.vcomponents
Compiling package ieee.vital_timing
Compiling package ieee.vital_primitives
Compiling package unisim.vpkg
Compiling package lib_pkg_v1_0_2.lib_pkg
Compiling architecture rtl of entity axi_uartlite_v2_0_23.baudrate [\baudrate(c_ratio=651)\]
Compiling architecture fdre_v of entity unisim.FDRE [fdre_default]
Compiling architecture fdr_v of entity unisim.FDR [fdr_default]
Compiling architecture implementation of entity lib_cdc_v1_0_2.cdc_sync [\cdc_sync(c_mtbf_stages=4)\]
Compiling architecture imp of entity lib_srl_fifo_v1_0_2.cntr_incr_decr_addn_f [\cntr_incr_decr_addn_f(c_size=5,...]
Compiling architecture behavioral of entity lib_srl_fifo_v1_0_2.dynshreg_f [\dynshreg_f(c_depth=16,c_dwidth=...]
Compiling architecture imp of entity lib_srl_fifo_v1_0_2.srl_fifo_rbu_f [\srl_fifo_rbu_f(c_dwidth=8,c_fam...]
Compiling architecture imp of entity lib_srl_fifo_v1_0_2.srl_fifo_f [\srl_fifo_f(c_dwidth=8,c_family=...]
Compiling architecture rtl of entity axi_uartlite_v2_0_23.uartlite_rx [\uartlite_rx(c_family="artix7")(...]
Compiling architecture rtl of entity axi_uartlite_v2_0_23.uartlite_tx [\uartlite_tx(c_family="artix7")(...]
Compiling architecture rtl of entity axi_uartlite_v2_0_23.uartlite_core [\uartlite_core(c_family="artix7"...]
Compiling architecture imp of entity axi_lite_ipif_v3_0_4.pselect_f [\pselect_f(c_ab=2,c_aw=2,c_bar="...]
Compiling architecture imp of entity axi_lite_ipif_v3_0_4.pselect_f [\pselect_f(c_ab=2,c_aw=2,c_bar="...]
Compiling architecture imp of entity axi_lite_ipif_v3_0_4.pselect_f [\pselect_f(c_ab=2,c_aw=2,c_bar="...]
Compiling architecture imp of entity axi_lite_ipif_v3_0_4.pselect_f [\pselect_f(c_ab=2,c_aw=2,c_bar="...]
Compiling architecture imp of entity axi_lite_ipif_v3_0_4.address_decoder [\address_decoder(c_bus_awidth=4,...]
Compiling architecture imp of entity axi_lite_ipif_v3_0_4.slave_attachment [\slave_attachment(c_ard_addr_ran...]
Compiling architecture imp of entity axi_lite_ipif_v3_0_4.axi_lite_ipif [\axi_lite_ipif(c_s_axi_addr_widt...]
Compiling architecture rtl of entity axi_uartlite_v2_0_23.axi_uartlite [\axi_uartlite(c_family="artix7")...]
Compiling architecture axi_uartlite_0_arch of entity xil_defaultlib.axi_uartlite_0 [axi_uartlite_0_default]
Compiling module xil_defaultlib.uart_sim
Compiling module xil_defaultlib.glbl
Built simulation snapshot uart_sim_behav
